Using pre-set license
Built from '2021.3/staging' branch; Version is '2021.3.18f1 (3129e69bc0c7) revision 3221990'; Using compiler version '192829333'; Build Type 'Release'
OS: 'Windows 11  (10.0.22621) 64bit Core' Language: 'en' Physical Memory: 10116 MB
BatchMode: 1, IsHumanControllingUs: 0, StartBugReporterOnCrash: 0, Is64bit: 1, IsPro: 1

COMMAND LINE ARGUMENTS:
C:\Program Files\Unity\Hub\Editor\2021.3.18f1\Editor\Unity.exe
-adb2
-batchMode
-noUpm
-name
AssetImportWorker0
-projectPath
D:/GitRepo/1610-Unity-Project/Spring Class Project 1
-logFile
Logs/AssetImportWorker0.log
-srvPort
58329
Successfully changed project path to: D:/GitRepo/1610-Unity-Project/Spring Class Project 1
D:/GitRepo/1610-Unity-Project/Spring Class Project 1
[UnityMemory] Configuration Parameters - Can be set up in boot.config
    "memorysetup-bucket-allocator-granularity=16"
    "memorysetup-bucket-allocator-bucket-count=8"
    "memorysetup-bucket-allocator-block-size=33554432"
    "memorysetup-bucket-allocator-block-count=8"
    "memorysetup-main-allocator-block-size=16777216"
    "memorysetup-thread-allocator-block-size=16777216"
    "memorysetup-gfx-main-allocator-block-size=16777216"
    "memorysetup-gfx-thread-allocator-block-size=16777216"
    "memorysetup-cache-allocator-block-size=4194304"
    "memorysetup-typetree-allocator-block-size=2097152"
    "memorysetup-profiler-bucket-allocator-granularity=16"
    "memorysetup-profiler-bucket-allocator-bucket-count=8"
    "memorysetup-profiler-bucket-allocator-block-size=33554432"
    "memorysetup-profiler-bucket-allocator-block-count=8"
    "memorysetup-profiler-allocator-block-size=16777216"
    "memorysetup-profiler-editor-allocator-block-size=1048576"
    "memorysetup-temp-allocator-size-main=16777216"
    "memorysetup-job-temp-allocator-block-size=2097152"
    "memorysetup-job-temp-allocator-block-size-background=1048576"
    "memorysetup-job-temp-allocator-reduction-small-platforms=262144"
    "memorysetup-temp-allocator-size-background-worker=32768"
    "memorysetup-temp-allocator-size-job-worker=262144"
    "memorysetup-temp-allocator-size-preload-manager=33554432"
    "memorysetup-temp-allocator-size-nav-mesh-worker=65536"
    "memorysetup-temp-allocator-size-audio-worker=65536"
    "memorysetup-temp-allocator-size-cloud-worker=32768"
    "memorysetup-temp-allocator-size-gi-baking-worker=262144"
    "memorysetup-temp-allocator-size-gfx=262144"
Player connection [21592] Host "[IP] 192.168.1.51 [Port] 0 [Flags] 2 [Guid] 2420702703 [EditorId] 2420702703 [Version] 1048832 [Id] WindowsEditor(7,LAPTOP-31VIPTVA) [Debug] 1 [PackageName] WindowsEditor [ProjectName] Editor" joined multi-casting on [225.0.0.222:54997]...

Player connection [21592] Host "[IP] 192.168.1.51 [Port] 0 [Flags] 2 [Guid] 2420702703 [EditorId] 2420702703 [Version] 1048832 [Id] WindowsEditor(7,LAPTOP-31VIPTVA) [Debug] 1 [PackageName] WindowsEditor [ProjectName] Editor" joined alternative multi-casting on [225.0.0.222:34997]...

Refreshing native plugins compatible for Editor in 149.97 ms, found 3 plugins.
Preloading 0 native plugins for Editor in 0.00 ms.
Initialize engine version: 2021.3.18f1 (3129e69bc0c7)
[Subsystems] Discovering subsystems at path C:/Program Files/Unity/Hub/Editor/2021.3.18f1/Editor/Data/Resources/UnitySubsystems
[Subsystems] Discovering subsystems at path D:/GitRepo/1610-Unity-Project/Spring Class Project 1/Assets
GfxDevice: creating device client; threaded=0; jobified=0
Direct3D:
    Version:  Direct3D 11.0 [level 11.1]
    Renderer: AMD Radeon(TM) RX Vega 10 Graphics (ID=0x15d8)
    Vendor:   ATI
    VRAM:     5058 MB
    Driver:   31.0.12024.0
Initialize mono
Mono path[0] = 'C:/Program Files/Unity/Hub/Editor/2021.3.18f1/Editor/Data/Managed'
Mono path[1] = 'C:/Program Files/Unity/Hub/Editor/2021.3.18f1/Editor/Data/MonoBleedingEdge/lib/mono/unityjit-win32'
Mono config path = 'C:/Program Files/Unity/Hub/Editor/2021.3.18f1/Editor/Data/MonoBleedingEdge/etc'
Using monoOptions --debugger-agent=transport=dt_socket,embedding=1,server=y,suspend=n,address=127.0.0.1:56776
Begin MonoManager ReloadAssembly
Registering precompiled unity dll's ...
Register platform support module: C:/Program Files/Unity/Hub/Editor/2021.3.18f1/Editor/Data/PlaybackEngines/WindowsStandaloneSupport/UnityEditor.WindowsStandalone.Extensions.dll
Registered in 0.010899 seconds.
Native extension for WindowsStandalone target not found
Refreshing native plugins compatible for Editor in 159.97 ms, found 3 plugins.
Preloading 0 native plugins for Editor in 0.00 ms.
Mono: successfully reloaded assembly
- Completed reload, in  1.349 seconds
Domain Reload Profiling:
	ReloadAssembly (1350ms)
		BeginReloadAssembly (150ms)
			ExecutionOrderSort (0ms)
			DisableScriptedObjects (0ms)
			BackupInstance (0ms)
			ReleaseScriptingObjects (0ms)
			CreateAndSetChildDomain (2ms)
		EndReloadAssembly (973ms)
			LoadAssemblies (146ms)
			RebuildTransferFunctionScriptingTraits (0ms)
			SetupTypeCache (221ms)
			ReleaseScriptCaches (0ms)
			RebuildScriptCaches (57ms)
			SetupLoadedEditorAssemblies (587ms)
				LogAssemblyErrors (0ms)
				InitializePlatformSupportModulesInManaged (14ms)
				SetLoadedEditorAssemblies (1ms)
				RefreshPlugins (160ms)
				BeforeProcessingInitializeOnLoad (2ms)
				ProcessInitializeOnLoadAttributes (308ms)
				ProcessInitializeOnLoadMethodAttributes (101ms)
				AfterProcessingInitializeOnLoad (0ms)
				EditorAssembliesLoaded (0ms)
			ExecutionOrderSort2 (0ms)
			AwakeInstancesAfterBackupRestoration (0ms)
Platform modules already initialized, skipping
Registering precompiled user dll's ...
Registered in 0.009628 seconds.
Begin MonoManager ReloadAssembly
Symbol file LoadedFromMemory doesn't match image D:\GitRepo\1610-Unity-Project\Spring Class Project 1\Library\PackageCache\com.unity.visualscripting@1.8.0\Editor\VisualScripting.Core\Dependencies\YamlDotNet\Unity.VisualScripting.YamlDotNet.dll
Symbol file LoadedFromMemory doesn't match image D:\GitRepo\1610-Unity-Project\Spring Class Project 1\Library\PackageCache\com.unity.visualscripting@1.8.0\Editor\VisualScripting.Core\Dependencies\DotNetZip\Unity.VisualScripting.IonicZip.dll
Native extension for WindowsStandalone target not found
Refreshing native plugins compatible for Editor in 0.81 ms, found 3 plugins.
Preloading 0 native plugins for Editor in 0.00 ms.
Mono: successfully reloaded assembly
- Completed reload, in  2.185 seconds
Domain Reload Profiling:
	ReloadAssembly (2187ms)
		BeginReloadAssembly (334ms)
			ExecutionOrderSort (0ms)
			DisableScriptedObjects (13ms)
			BackupInstance (0ms)
			ReleaseScriptingObjects (0ms)
			CreateAndSetChildDomain (61ms)
		EndReloadAssembly (1607ms)
			LoadAssemblies (230ms)
			RebuildTransferFunctionScriptingTraits (0ms)
			SetupTypeCache (550ms)
			ReleaseScriptCaches (2ms)
			RebuildScriptCaches (125ms)
			SetupLoadedEditorAssemblies (680ms)
				LogAssemblyErrors (0ms)
				InitializePlatformSupportModulesInManaged (10ms)
				SetLoadedEditorAssemblies (1ms)
				RefreshPlugins (1ms)
				BeforeProcessingInitializeOnLoad (159ms)
				ProcessInitializeOnLoadAttributes (463ms)
				ProcessInitializeOnLoadMethodAttributes (35ms)
				AfterProcessingInitializeOnLoad (11ms)
				EditorAssembliesLoaded (0ms)
			ExecutionOrderSort2 (0ms)
			AwakeInstancesAfterBackupRestoration (10ms)
Platform modules already initialized, skipping
========================================================================
Worker process is ready to serve import requests
Launched and connected shader compiler UnityShaderCompiler.exe after 0.08 seconds
Refreshing native plugins compatible for Editor in 1.06 ms, found 3 plugins.
Preloading 0 native plugins for Editor in 0.00 ms.
Unloading 3049 Unused Serialized files (Serialized files now loaded: 0)
Unloading 24 unused Assets / (113.6 KB). Loaded Objects now: 3509.
Memory consumption went from 107.5 MB to 107.4 MB.
Total: 7.411700 ms (FindLiveObjects: 0.411200 ms CreateObjectMapping: 0.160500 ms MarkObjects: 6.569000 ms  DeleteObjects: 0.267800 ms)

AssetImportParameters requested are different than current active one (requested -> active):
  custom:video-decoder-ogg-theora: a1e56fd34408186e4bbccfd4996cb3dc -> 
  custom:container-muxer-webm: aa71ff27fc2769a1b78a27578f13a17b -> 
  custom:container-demuxer-webm: 4f35f7cbe854078d1ac9338744f61a02 -> 
  custom:video-encoder-webm-vp8: eb34c28f22e8b96e1ab97ce403110664 -> 
  custom:video-codec-MediaFoundation-h265: 746d11721c4dcdbdad8f713fa42b33f4 -> 
  custom:audio-encoder-webm-vorbis: bf7c407c2cedff20999df2af8eb42d56 -> 
  custom:framework-win-MediaFoundation: 216162199b28c13a410421893ffa2e32 -> 
  custom:container-demuxer-ogg: 62fdf1f143b41e24485cea50d1cbac27 -> 
  custom:video-decoder-webm-vp8: 9c59270c3fd7afecdb556c50c9e8de78 -> 
  custom:audio-decoder-ogg-vorbis: bf7c407c2cedff20999df2af8eb42d56 -> 
========================================================================
Received Import Request.
  Time since last request: 287120.721796 seconds.
  path: Assets/ScriptOne.cs
  artifactKey: Guid(d0ad3dda7319c39409d8b748ff05d6c4) Importer(815301076,1909f56bfc062723c751e8b465ee728b)
Start importing Assets/ScriptOne.cs using Guid(d0ad3dda7319c39409d8b748ff05d6c4) Importer(815301076,1909f56bfc062723c751e8b465ee728b)  -> (artifact id: 'e8a0339f693f07821a5c228a8cfdc6a2') in 0.077994 seconds 
========================================================================
Received Prepare
Registering precompiled user dll's ...
Registered in 0.011847 seconds.
Begin MonoManager ReloadAssembly
Symbol file LoadedFromMemory doesn't match image D:\GitRepo\1610-Unity-Project\Spring Class Project 1\Library\PackageCache\com.unity.visualscripting@1.8.0\Editor\VisualScripting.Core\Dependencies\YamlDotNet\Unity.VisualScripting.YamlDotNet.dll
Symbol file LoadedFromMemory doesn't match image D:\GitRepo\1610-Unity-Project\Spring Class Project 1\Library\PackageCache\com.unity.visualscripting@1.8.0\Editor\VisualScripting.Core\Dependencies\DotNetZip\Unity.VisualScripting.IonicZip.dll
Native extension for WindowsStandalone target not found
Refreshing native plugins compatible for Editor in 0.94 ms, found 3 plugins.
Preloading 0 native plugins for Editor in 0.00 ms.
Mono: successfully reloaded assembly
- Completed reload, in  1.942 seconds
Domain Reload Profiling:
	ReloadAssembly (1943ms)
		BeginReloadAssembly (259ms)
			ExecutionOrderSort (0ms)
			DisableScriptedObjects (10ms)
			BackupInstance (0ms)
			ReleaseScriptingObjects (0ms)
			CreateAndSetChildDomain (68ms)
		EndReloadAssembly (1473ms)
			LoadAssemblies (177ms)
			RebuildTransferFunctionScriptingTraits (0ms)
			SetupTypeCache (505ms)
			ReleaseScriptCaches (2ms)
			RebuildScriptCaches (96ms)
			SetupLoadedEditorAssemblies (636ms)
				LogAssemblyErrors (0ms)
				InitializePlatformSupportModulesInManaged (20ms)
				SetLoadedEditorAssemblies (1ms)
				RefreshPlugins (1ms)
				BeforeProcessingInitializeOnLoad (117ms)
				ProcessInitializeOnLoadAttributes (417ms)
				ProcessInitializeOnLoadMethodAttributes (56ms)
				AfterProcessingInitializeOnLoad (23ms)
				EditorAssembliesLoaded (0ms)
			ExecutionOrderSort2 (0ms)
			AwakeInstancesAfterBackupRestoration (14ms)
Platform modules already initialized, skipping
Refreshing native plugins compatible for Editor in 2.98 ms, found 3 plugins.
Preloading 0 native plugins for Editor in 0.00 ms.
Unloading 3044 Unused Serialized files (Serialized files now loaded: 0)
Unloading 17 unused Assets / (79.8 KB). Loaded Objects now: 3512.
Memory consumption went from 107.4 MB to 107.3 MB.
Total: 4.978100 ms (FindLiveObjects: 0.334300 ms CreateObjectMapping: 0.098600 ms MarkObjects: 4.392100 ms  DeleteObjects: 0.150900 ms)

AssetImportParameters requested are different than current active one (requested -> active):
  custom:video-decoder-ogg-theora: a1e56fd34408186e4bbccfd4996cb3dc -> 
  custom:container-muxer-webm: aa71ff27fc2769a1b78a27578f13a17b -> 
  custom:container-demuxer-webm: 4f35f7cbe854078d1ac9338744f61a02 -> 
  custom:video-encoder-webm-vp8: eb34c28f22e8b96e1ab97ce403110664 -> 
  custom:video-codec-MediaFoundation-h265: 746d11721c4dcdbdad8f713fa42b33f4 -> 
  custom:audio-encoder-webm-vorbis: bf7c407c2cedff20999df2af8eb42d56 -> 
  custom:framework-win-MediaFoundation: 216162199b28c13a410421893ffa2e32 -> 
  custom:container-demuxer-ogg: 62fdf1f143b41e24485cea50d1cbac27 -> 
  custom:video-decoder-webm-vp8: 9c59270c3fd7afecdb556c50c9e8de78 -> 
  custom:audio-decoder-ogg-vorbis: bf7c407c2cedff20999df2af8eb42d56 -> 
========================================================================
Received Import Request.
  Time since last request: 643.346188 seconds.
  path: Assets/ScriptOne.cs
  artifactKey: Guid(d0ad3dda7319c39409d8b748ff05d6c4) Importer(815301076,1909f56bfc062723c751e8b465ee728b)
Start importing Assets/ScriptOne.cs using Guid(d0ad3dda7319c39409d8b748ff05d6c4) Importer(815301076,1909f56bfc062723c751e8b465ee728b)  -> (artifact id: '9f99174d594ddf8b807e6fe487f0c524') in 0.014500 seconds 
========================================================================
Received Import Request.
  Time since last request: 278.585497 seconds.
  path: Assets/Variables.cs
  artifactKey: Guid(5ee50811346f9304fa9ecc710bbe02d5) Importer(815301076,1909f56bfc062723c751e8b465ee728b)
Start importing Assets/Variables.cs using Guid(5ee50811346f9304fa9ecc710bbe02d5) Importer(815301076,1909f56bfc062723c751e8b465ee728b)  -> (artifact id: '8d474a83c821077484754489929f9e96') in 0.020459 seconds 
========================================================================
Received Import Request.
  Time since last request: 41.469032 seconds.
  path: Assets/Scripts
  artifactKey: Guid(240b6947045120f4b9be3db4e5d929b8) Importer(815301076,1909f56bfc062723c751e8b465ee728b)
Start importing Assets/Scripts using Guid(240b6947045120f4b9be3db4e5d929b8) Importer(815301076,1909f56bfc062723c751e8b465ee728b)  -> (artifact id: '66c6bbd4aef0ad825b27d130c3724dae') in 0.018189 seconds 
========================================================================
Received Import Request.
  Time since last request: 289.943714 seconds.
  path: Assets/Scripts/Variables.cs
  artifactKey: Guid(5ee50811346f9304fa9ecc710bbe02d5) Importer(815301076,1909f56bfc062723c751e8b465ee728b)
Start importing Assets/Scripts/Variables.cs using Guid(5ee50811346f9304fa9ecc710bbe02d5) Importer(815301076,1909f56bfc062723c751e8b465ee728b)  -> (artifact id: '4005d310e41f5e12cd8b34b19200cf88') in 0.033618 seconds 
========================================================================
Received Import Request.
  Time since last request: 311.916388 seconds.
  path: Assets/Scripts/Conventions and Syntax.cs
  artifactKey: Guid(d07c71e4a95637a46ac95bdda0f922e4) Importer(815301076,1909f56bfc062723c751e8b465ee728b)
Start importing Assets/Scripts/Conventions and Syntax.cs using Guid(d07c71e4a95637a46ac95bdda0f922e4) Importer(815301076,1909f56bfc062723c751e8b465ee728b)  -> (artifact id: 'dda0a52be60d22e9d6a64590e4687a0a') in 0.011314 seconds 
========================================================================
Received Import Request.
  Time since last request: 29.072514 seconds.
  path: Assets/Scripts/Conventions&Syntax.cs
  artifactKey: Guid(d07c71e4a95637a46ac95bdda0f922e4) Importer(815301076,1909f56bfc062723c751e8b465ee728b)
Start importing Assets/Scripts/Conventions&Syntax.cs using Guid(d07c71e4a95637a46ac95bdda0f922e4) Importer(815301076,1909f56bfc062723c751e8b465ee728b)  -> (artifact id: '8bb8f27a2da6e8b93700b5c42c1d7847') in 0.017904 seconds 
========================================================================
Received Import Request.
  Time since last request: 326.920468 seconds.
  path: Assets/Scripts/Conventions&Syntax.cs
  artifactKey: Guid(d07c71e4a95637a46ac95bdda0f922e4) Importer(815301076,1909f56bfc062723c751e8b465ee728b)
Start importing Assets/Scripts/Conventions&Syntax.cs using Guid(d07c71e4a95637a46ac95bdda0f922e4) Importer(815301076,1909f56bfc062723c751e8b465ee728b)  -> (artifact id: 'dcf66e15a9d13f93d6a94cebd36284f8') in 0.006939 seconds 
========================================================================
Received Import Request.
  Time since last request: 4441.201813 seconds.
  path: Assets/Scripts/UsingScriptsPractice.cs
  artifactKey: Guid(0fda88e3760cbe743aef214820fc9eed) Importer(815301076,1909f56bfc062723c751e8b465ee728b)
Start importing Assets/Scripts/UsingScriptsPractice.cs using Guid(0fda88e3760cbe743aef214820fc9eed) Importer(815301076,1909f56bfc062723c751e8b465ee728b)  -> (artifact id: '036b548fed86ac1228ca8f8a57ecfa46') in 0.023931 seconds 
========================================================================
Received Import Request.
  Time since last request: 134.828563 seconds.
  path: Assets/Scripts/UsingScriptsPractice.cs
  artifactKey: Guid(0fda88e3760cbe743aef214820fc9eed) Importer(815301076,1909f56bfc062723c751e8b465ee728b)
Start importing Assets/Scripts/UsingScriptsPractice.cs using Guid(0fda88e3760cbe743aef214820fc9eed) Importer(815301076,1909f56bfc062723c751e8b465ee728b)  -> (artifact id: 'c7f016a1dde78e74ab5068f85f3b4db2') in 0.012333 seconds 
========================================================================
Received Import Request.
  Time since last request: 269.629462 seconds.
  path: Assets/Scripts/InspectorPractice.cs
  artifactKey: Guid(b725d0dda03970f43ba246e7669d5f37) Importer(815301076,1909f56bfc062723c751e8b465ee728b)
Start importing Assets/Scripts/InspectorPractice.cs using Guid(b725d0dda03970f43ba246e7669d5f37) Importer(815301076,1909f56bfc062723c751e8b465ee728b)  -> (artifact id: 'e7f7997209a699dc58a5e2815cec5a75') in 0.015048 seconds 
========================================================================
Received Import Request.
  Time since last request: 187.436666 seconds.
  path: Assets/Scripts/InspectorPractice.cs
  artifactKey: Guid(b725d0dda03970f43ba246e7669d5f37) Importer(815301076,1909f56bfc062723c751e8b465ee728b)
Start importing Assets/Scripts/InspectorPractice.cs using Guid(b725d0dda03970f43ba246e7669d5f37) Importer(815301076,1909f56bfc062723c751e8b465ee728b)  -> (artifact id: '65e7b35081c661d7d26d21ad7521bd5a') in 0.006542 seconds 
